<?xml version="1.0" encoding="UTF-8"?>
<testsuite xmlns:xsi="http://www.w3.org/2001/XMLSchema-instance" xsi:noNamespaceSchemaLocation="https://maven.apache.org/surefire/maven-surefire-plugin/xsd/surefire-test-report-3.0.xsd" version="3.0" name="com.example.demo.GisBackendApplicationTests" time="3.2" tests="1" errors="0" skipped="0" failures="0">
  <properties>
[...]
</properties>
  <testcase name="contextLoads" classname="com.example.demo.GisBackendApplicationTests" time="0.765">
    <system-out><![CDATA[17:02:50.588 [main] INFO org.springframework.test.context.support.AnnotationConfigContextLoaderUtils -- Could not detect default configuration classes for test class [com.example.demo.GisBackendApplicationTests]: GisBackendApplicationTests does not declare any static, non-private, non-final, nested classes annotated with @Configuration.
17:02:50.711 [main] INFO org.springframework.boot.test.context.SpringBootTestContextBootstrapper -- Found @SpringBootConfiguration com.example.demo.GisBackendApplication for test class com.example.demo.GisBackendApplicationTests
17:02:50.943 [main] INFO org.springframework.boot.devtools.restart.RestartApplicationListener -- Restart disabled due to context in which it is running

  .   ____          _            __ _ _
 /\\ / ___'_ __ _ _(_)_ __  __ _ \ \ \ \
( ( )\___ | '_ | '_| | '_ \/ _` | \ \ \ \
 \\/  ___)| |_)| | | | | || (_| |  ) ) ) )
  '  |____| .__|_| |_|_| |_\__, | / / / /
 =========|_|==============|___/=/_/_/_/

 :: Spring Boot ::                (v3.3.4)

2024-11-08T17:02:51.243+05:30  INFO 20120 --- [GisBackend] [           main] c.e.demo.GisBackendApplicationTests      : Starting GisBackendApplicationTests using Java 17.0.11 with PID 20120 (started by QuantaSip in E:\TestingEnv\ParkingGisBackend\GisBackend)
2024-11-08T17:02:51.245+05:30  INFO 20120 --- [GisBackend] [           main] c.e.demo.GisBackendApplicationTests      : No active profile set, falling back to 1 default profile: "default"
2024-11-08T17:02:52.792+05:30  INFO 20120 --- [GisBackend] [           main] c.e.demo.GisBackendApplicationTests      : Started GisBackendApplicationTests in 1.867 seconds (process running for 2.937)
]]></system-out>
  </testcase>
</testsuite>